2021-09-14 11:06:12.168 -05:00 [INF] Application started. Press Ctrl+C to shut down.
2021-09-14 11:06:12.189 -05:00 [INF] Request starting HTTP/2.0 GET https://localhost:44382/swagger  
2021-09-14 11:06:12.256 -05:00 [INF] Hosting environment: Development
2021-09-14 11:06:12.256 -05:00 [INF] Content root path: C:\Users\alvaro.escobar\source\repos\Cinemaster\Cinemaster\Cinemaster.Api
2021-09-14 11:06:12.328 -05:00 [INF] Request starting HTTP/2.0 GET https://localhost:44382/swagger/index.html  
2021-09-14 11:06:12.331 -05:00 [INF] Request finished in 145.202ms 302 
2021-09-14 11:06:12.539 -05:00 [INF] Request finished in 211.0224ms 200 text/html; charset=utf-8
2021-09-14 11:06:12.683 -05:00 [INF] Request starting HTTP/2.0 GET https://localhost:44382/swagger/v1/swagger.json  
2021-09-14 11:06:13.441 -05:00 [INF] Request finished in 757.5258ms 200 application/json; charset=utf-8
2021-09-14 11:06:19.371 -05:00 [INF] Request starting HTTP/2.0 GET https://localhost:44382/api/MovieShow  
2021-09-14 11:06:19.380 -05:00 [INF] Executing endpoint 'Cinemaster.Api.Controllers.MovieShowController.GetAll (Cinemaster.Api)'
2021-09-14 11:06:19.417 -05:00 [INF] Route matched with {action = "GetAll", controller = "MovieShow"}. Executing controller action with signature System.Threading.Tasks.Task`1[Cinemaster.Application.MovieShow.MovieShowDto] GetAll() on controller Cinemaster.Api.Controllers.MovieShowController (Cinemaster.Api).
2021-09-14 11:06:20.299 -05:00 [INF] Entity Framework Core 3.1.1 initialized 'PersistenceContext' using provider 'Microsoft.EntityFrameworkCore.SqlServer' with options: MigrationsHistoryTable=mySchema._MigrationHistory 
2021-09-14 11:06:20.909 -05:00 [INF] Executed DbCommand (37ms) [Parameters=[], CommandType='"Text"', CommandTimeout='30']
SELECT [m].[Id], [m].[CreatedOn], [m].[Hora], [m].[LastModifiedOn], [m].[Pelicula], [m].[Sala], [t].[Id], [t].[CreatedOn], [t].[LastModifiedOn], [t].[MovieShowId], [t].[Silla]
FROM [mySchema].[MovieShow] AS [m]
LEFT JOIN [mySchema].[Tickets] AS [t] ON [m].[Id] = [t].[MovieShowId]
ORDER BY [m].[Id], [t].[Id]
2021-09-14 11:06:20.972 -05:00 [INF] Executing ObjectResult, writing value of type 'Cinemaster.Application.MovieShow.MovieShowDto'.
2021-09-14 11:06:20.991 -05:00 [INF] Executed action Cinemaster.Api.Controllers.MovieShowController.GetAll (Cinemaster.Api) in 1566.8944ms
2021-09-14 11:06:20.992 -05:00 [INF] Executed endpoint 'Cinemaster.Api.Controllers.MovieShowController.GetAll (Cinemaster.Api)'
2021-09-14 11:06:20.996 -05:00 [INF] Request finished in 1625.4049ms 200 application/json; charset=utf-8
