2021-09-14 11:43:36.678 -05:00 [INF] Application started. Press Ctrl+C to shut down.
2021-09-14 11:43:36.698 -05:00 [INF] Request starting HTTP/2.0 GET https://localhost:44382/swagger  
2021-09-14 11:43:36.774 -05:00 [INF] Hosting environment: Development
2021-09-14 11:43:36.774 -05:00 [INF] Content root path: C:\Users\alvaro.escobar\source\repos\Cinemaster\Cinemaster\Cinemaster.Api
2021-09-14 11:43:36.840 -05:00 [INF] Request starting HTTP/2.0 GET https://localhost:44382/swagger/index.html  
2021-09-14 11:43:36.856 -05:00 [INF] Request finished in 160.7546ms 302 
2021-09-14 11:43:37.085 -05:00 [INF] Request finished in 244.6858ms 200 text/html; charset=utf-8
2021-09-14 11:43:37.221 -05:00 [INF] Request starting HTTP/2.0 GET https://localhost:44382/swagger/v1/swagger.json  
2021-09-14 11:43:37.977 -05:00 [INF] Request finished in 755.7894ms 200 application/json; charset=utf-8
2021-09-14 11:43:41.798 -05:00 [INF] Request starting HTTP/2.0 GET https://localhost:44382/api/MovieShow  
2021-09-14 11:43:41.805 -05:00 [INF] Executing endpoint 'Cinemaster.Api.Controllers.MovieShowController.GetAll (Cinemaster.Api)'
2021-09-14 11:43:41.842 -05:00 [INF] Route matched with {action = "GetAll", controller = "MovieShow"}. Executing controller action with signature System.Threading.Tasks.Task`1[System.Collections.Generic.List`1[Cinemaster.Application.MovieShow.MovieShowDto]] GetAll() on controller Cinemaster.Api.Controllers.MovieShowController (Cinemaster.Api).
2021-09-14 11:43:42.682 -05:00 [INF] Entity Framework Core 3.1.1 initialized 'PersistenceContext' using provider 'Microsoft.EntityFrameworkCore.SqlServer' with options: MigrationsHistoryTable=mySchema._MigrationHistory 
2021-09-14 11:43:43.210 -05:00 [INF] Executed DbCommand (35ms) [Parameters=[], CommandType='"Text"', CommandTimeout='30']
SELECT [m].[Id], [m].[CreatedOn], [m].[Hora], [m].[LastModifiedOn], [m].[Pelicula], [m].[Sala]
FROM [mySchema].[MovieShow] AS [m]
2021-09-14 11:43:43.267 -05:00 [INF] Executing ObjectResult, writing value of type 'System.Collections.Generic.List`1[[Cinemaster.Application.MovieShow.MovieShowDto, Cinemaster.Application, Version=1.0.0.0, Culture=neutral, PublicKeyToken=null]]'.
2021-09-14 11:43:43.291 -05:00 [INF] Executed action Cinemaster.Api.Controllers.MovieShowController.GetAll (Cinemaster.Api) in 1444.1613ms
2021-09-14 11:43:43.292 -05:00 [INF] Executed endpoint 'Cinemaster.Api.Controllers.MovieShowController.GetAll (Cinemaster.Api)'
2021-09-14 11:43:43.296 -05:00 [INF] Request finished in 1499.3118ms 200 application/json; charset=utf-8
