2021-09-14 15:12:59.609 -05:00 [INF] Application started. Press Ctrl+C to shut down.
2021-09-14 15:12:59.631 -05:00 [INF] Request starting HTTP/2.0 GET https://localhost:44382/swagger  
2021-09-14 15:12:59.699 -05:00 [INF] Hosting environment: Development
2021-09-14 15:12:59.700 -05:00 [INF] Content root path: C:\Users\alvaro.escobar\Documents\Curso .Net\Cinemaster\Cinemaster\Cinemaster.Api
2021-09-14 15:12:59.776 -05:00 [INF] Request starting HTTP/2.0 GET https://localhost:44382/swagger/index.html  
2021-09-14 15:12:59.788 -05:00 [INF] Request finished in 149.2527ms 302 
2021-09-14 15:13:00.007 -05:00 [INF] Request finished in 231.4569ms 200 text/html; charset=utf-8
2021-09-14 15:13:00.140 -05:00 [INF] Request starting HTTP/2.0 GET https://localhost:44382/swagger/v1/swagger.json  
2021-09-14 15:13:00.189 -05:00 [INF] Request starting HTTP/2.0 GET https://localhost:44382/swagger/favicon-32x32.png  
2021-09-14 15:13:00.219 -05:00 [INF] Sending file. Request path: '/favicon-32x32.png'. Physical path: 'N/A'
2021-09-14 15:13:00.219 -05:00 [INF] Request finished in 29.8471ms 200 image/png
2021-09-14 15:13:00.888 -05:00 [INF] Request finished in 747.5082ms 200 application/json; charset=utf-8
2021-09-14 15:13:13.365 -05:00 [INF] Request starting HTTP/2.0 GET https://localhost:44382/api/MovieShow  
2021-09-14 15:13:13.371 -05:00 [INF] Executing endpoint 'Cinemaster.Api.Controllers.MovieShowController.GetAll (Cinemaster.Api)'
2021-09-14 15:13:13.398 -05:00 [INF] Route matched with {action = "GetAll", controller = "MovieShow"}. Executing controller action with signature System.Threading.Tasks.Task`1[System.Collections.Generic.List`1[Cinemaster.Application.MovieShow.MovieShowDto]] GetAll() on controller Cinemaster.Api.Controllers.MovieShowController (Cinemaster.Api).
2021-09-14 15:13:14.292 -05:00 [INF] Entity Framework Core 3.1.1 initialized 'PersistenceContext' using provider 'Microsoft.EntityFrameworkCore.SqlServer' with options: MigrationsHistoryTable=mySchema._MigrationHistory 
2021-09-14 15:13:14.897 -05:00 [INF] Executed DbCommand (38ms) [Parameters=[], CommandType='"Text"', CommandTimeout='30']
SELECT [m].[Id], [m].[CreatedOn], [m].[Hora], [m].[LastModifiedOn], [m].[Pelicula], [m].[Sala]
FROM [mySchema].[MovieShow] AS [m]
2021-09-14 15:13:14.948 -05:00 [INF] Executing ObjectResult, writing value of type 'System.Collections.Generic.List`1[[Cinemaster.Application.MovieShow.MovieShowDto, Cinemaster.Application, Version=1.0.0.0, Culture=neutral, PublicKeyToken=null]]'.
2021-09-14 15:13:14.964 -05:00 [INF] Executed action Cinemaster.Api.Controllers.MovieShowController.GetAll (Cinemaster.Api) in 1561.3457ms
2021-09-14 15:13:14.966 -05:00 [INF] Executed endpoint 'Cinemaster.Api.Controllers.MovieShowController.GetAll (Cinemaster.Api)'
2021-09-14 15:13:14.970 -05:00 [INF] Request finished in 1605.015ms 200 application/json; charset=utf-8
2021-09-14 15:13:36.928 -05:00 [INF] Request starting HTTP/2.0 POST https://localhost:44382/api/MovieShow/sync application/json 80
2021-09-14 15:13:36.929 -05:00 [INF] Executing endpoint 'Cinemaster.Api.Controllers.MovieShowController.CreateUser (Cinemaster.Api)'
2021-09-14 15:13:36.944 -05:00 [INF] Route matched with {action = "CreateUser", controller = "MovieShow"}. Executing controller action with signature System.Threading.Tasks.Task CreateUser(Cinemaster.Application.MovieShow.CreateMovieShowCommand) on controller Cinemaster.Api.Controllers.MovieShowController (Cinemaster.Api).
2021-09-14 15:13:37.017 -05:00 [INF] Entity Framework Core 3.1.1 initialized 'PersistenceContext' using provider 'Microsoft.EntityFrameworkCore.SqlServer' with options: MigrationsHistoryTable=mySchema._MigrationHistory 
2021-09-14 15:13:37.255 -05:00 [INF] Executed DbCommand (35ms) [Parameters=[@p0='?' (DbType = Guid), @p1='?' (DbType = DateTime2), @p2='?' (DbType = DateTime2), @p3='?' (Size = 4000), @p4='?' (DbType = Int32)], CommandType='"Text"', CommandTimeout='30']
SET NOCOUNT ON;
INSERT INTO [mySchema].[MovieShow] ([Id], [CreatedOn], [Hora], [Pelicula], [Sala])
VALUES (@p0, @p1, @p2, @p3, @p4);
SELECT [LastModifiedOn]
FROM [mySchema].[MovieShow]
WHERE @@ROWCOUNT = 1 AND [Id] = @p0;
2021-09-14 15:13:37.310 -05:00 [INF] Executed action Cinemaster.Api.Controllers.MovieShowController.CreateUser (Cinemaster.Api) in 365.7163ms
2021-09-14 15:13:37.310 -05:00 [INF] Executed endpoint 'Cinemaster.Api.Controllers.MovieShowController.CreateUser (Cinemaster.Api)'
2021-09-14 15:13:37.312 -05:00 [INF] Request finished in 383.9856ms 200 
2021-09-14 15:13:47.741 -05:00 [INF] Request starting HTTP/2.0 POST https://localhost:44382/api/MovieShow/sync application/json 76
2021-09-14 15:13:47.742 -05:00 [INF] Executing endpoint 'Cinemaster.Api.Controllers.MovieShowController.CreateUser (Cinemaster.Api)'
2021-09-14 15:13:47.745 -05:00 [INF] Route matched with {action = "CreateUser", controller = "MovieShow"}. Executing controller action with signature System.Threading.Tasks.Task CreateUser(Cinemaster.Application.MovieShow.CreateMovieShowCommand) on controller Cinemaster.Api.Controllers.MovieShowController (Cinemaster.Api).
2021-09-14 15:13:47.759 -05:00 [INF] Entity Framework Core 3.1.1 initialized 'PersistenceContext' using provider 'Microsoft.EntityFrameworkCore.SqlServer' with options: MigrationsHistoryTable=mySchema._MigrationHistory 
2021-09-14 15:13:47.768 -05:00 [INF] Executed DbCommand (3ms) [Parameters=[@p0='?' (DbType = Guid), @p1='?' (DbType = DateTime2), @p2='?' (DbType = DateTime2), @p3='?' (Size = 4000), @p4='?' (DbType = Int32)], CommandType='"Text"', CommandTimeout='30']
SET NOCOUNT ON;
INSERT INTO [mySchema].[MovieShow] ([Id], [CreatedOn], [Hora], [Pelicula], [Sala])
VALUES (@p0, @p1, @p2, @p3, @p4);
SELECT [LastModifiedOn]
FROM [mySchema].[MovieShow]
WHERE @@ROWCOUNT = 1 AND [Id] = @p0;
2021-09-14 15:13:47.774 -05:00 [INF] Executed action Cinemaster.Api.Controllers.MovieShowController.CreateUser (Cinemaster.Api) in 28.8756ms
2021-09-14 15:13:47.774 -05:00 [INF] Executed endpoint 'Cinemaster.Api.Controllers.MovieShowController.CreateUser (Cinemaster.Api)'
2021-09-14 15:13:47.775 -05:00 [INF] Request finished in 34.6815ms 200 
2021-09-14 15:13:51.323 -05:00 [INF] Request starting HTTP/2.0 POST https://localhost:44382/api/MovieShow/sync application/json 76
2021-09-14 15:13:51.324 -05:00 [INF] Executing endpoint 'Cinemaster.Api.Controllers.MovieShowController.CreateUser (Cinemaster.Api)'
2021-09-14 15:13:51.325 -05:00 [INF] Route matched with {action = "CreateUser", controller = "MovieShow"}. Executing controller action with signature System.Threading.Tasks.Task CreateUser(Cinemaster.Application.MovieShow.CreateMovieShowCommand) on controller Cinemaster.Api.Controllers.MovieShowController (Cinemaster.Api).
2021-09-14 15:13:51.333 -05:00 [INF] Entity Framework Core 3.1.1 initialized 'PersistenceContext' using provider 'Microsoft.EntityFrameworkCore.SqlServer' with options: MigrationsHistoryTable=mySchema._MigrationHistory 
2021-09-14 15:13:51.346 -05:00 [INF] Executed DbCommand (3ms) [Parameters=[@p0='?' (DbType = Guid), @p1='?' (DbType = DateTime2), @p2='?' (DbType = DateTime2), @p3='?' (Size = 4000), @p4='?' (DbType = Int32)], CommandType='"Text"', CommandTimeout='30']
SET NOCOUNT ON;
INSERT INTO [mySchema].[MovieShow] ([Id], [CreatedOn], [Hora], [Pelicula], [Sala])
VALUES (@p0, @p1, @p2, @p3, @p4);
SELECT [LastModifiedOn]
FROM [mySchema].[MovieShow]
WHERE @@ROWCOUNT = 1 AND [Id] = @p0;
2021-09-14 15:13:51.353 -05:00 [INF] Executed action Cinemaster.Api.Controllers.MovieShowController.CreateUser (Cinemaster.Api) in 26.814ms
2021-09-14 15:13:51.353 -05:00 [INF] Executed endpoint 'Cinemaster.Api.Controllers.MovieShowController.CreateUser (Cinemaster.Api)'
2021-09-14 15:13:51.355 -05:00 [INF] Request finished in 31.4816ms 200 
2021-09-14 15:13:54.129 -05:00 [INF] Request starting HTTP/2.0 GET https://localhost:44382/api/MovieShow  
2021-09-14 15:13:54.129 -05:00 [INF] Executing endpoint 'Cinemaster.Api.Controllers.MovieShowController.GetAll (Cinemaster.Api)'
2021-09-14 15:13:54.130 -05:00 [INF] Route matched with {action = "GetAll", controller = "MovieShow"}. Executing controller action with signature System.Threading.Tasks.Task`1[System.Collections.Generic.List`1[Cinemaster.Application.MovieShow.MovieShowDto]] GetAll() on controller Cinemaster.Api.Controllers.MovieShowController (Cinemaster.Api).
2021-09-14 15:13:54.133 -05:00 [INF] Entity Framework Core 3.1.1 initialized 'PersistenceContext' using provider 'Microsoft.EntityFrameworkCore.SqlServer' with options: MigrationsHistoryTable=mySchema._MigrationHistory 
2021-09-14 15:13:54.142 -05:00 [INF] Executed DbCommand (4ms) [Parameters=[], CommandType='"Text"', CommandTimeout='30']
SELECT [m].[Id], [m].[CreatedOn], [m].[Hora], [m].[LastModifiedOn], [m].[Pelicula], [m].[Sala]
FROM [mySchema].[MovieShow] AS [m]
2021-09-14 15:13:54.151 -05:00 [INF] Executing ObjectResult, writing value of type 'System.Collections.Generic.List`1[[Cinemaster.Application.MovieShow.MovieShowDto, Cinemaster.Application, Version=1.0.0.0, Culture=neutral, PublicKeyToken=null]]'.
2021-09-14 15:13:54.156 -05:00 [INF] Executed action Cinemaster.Api.Controllers.MovieShowController.GetAll (Cinemaster.Api) in 25.3731ms
2021-09-14 15:13:54.156 -05:00 [INF] Executed endpoint 'Cinemaster.Api.Controllers.MovieShowController.GetAll (Cinemaster.Api)'
2021-09-14 15:13:54.157 -05:00 [INF] Request finished in 28.2345ms 200 application/json; charset=utf-8
