2021-09-14 11:32:28.097 -05:00 [INF] Application started. Press Ctrl+C to shut down.
2021-09-14 11:32:28.122 -05:00 [INF] Request starting HTTP/2.0 GET https://localhost:44382/swagger  
2021-09-14 11:32:28.187 -05:00 [INF] Hosting environment: Development
2021-09-14 11:32:28.187 -05:00 [INF] Content root path: C:\Users\alvaro.escobar\source\repos\Cinemaster\Cinemaster\Cinemaster.Api
2021-09-14 11:32:28.249 -05:00 [INF] Request starting HTTP/2.0 GET https://localhost:44382/swagger/index.html  
2021-09-14 11:32:28.263 -05:00 [INF] Request finished in 145.2657ms 302 
2021-09-14 11:32:28.469 -05:00 [INF] Request finished in 221.252ms 200 text/html; charset=utf-8
2021-09-14 11:32:28.614 -05:00 [INF] Request starting HTTP/2.0 GET https://localhost:44382/swagger/v1/swagger.json  
2021-09-14 11:32:29.354 -05:00 [INF] Request finished in 740.0331ms 200 application/json; charset=utf-8
2021-09-14 11:32:34.808 -05:00 [INF] Request starting HTTP/2.0 GET https://localhost:44382/api/MovieShow  
2021-09-14 11:32:34.815 -05:00 [INF] Executing endpoint 'Cinemaster.Api.Controllers.MovieShowController.GetAll (Cinemaster.Api)'
2021-09-14 11:32:34.839 -05:00 [INF] Route matched with {action = "GetAll", controller = "MovieShow"}. Executing controller action with signature System.Threading.Tasks.Task`1[System.Collections.Generic.List`1[Cinemaster.Application.MovieShow.MovieShowDto]] GetAll() on controller Cinemaster.Api.Controllers.MovieShowController (Cinemaster.Api).
2021-09-14 11:32:35.710 -05:00 [INF] Entity Framework Core 3.1.1 initialized 'PersistenceContext' using provider 'Microsoft.EntityFrameworkCore.SqlServer' with options: MigrationsHistoryTable=mySchema._MigrationHistory 
2021-09-14 11:32:36.244 -05:00 [INF] Executed DbCommand (46ms) [Parameters=[], CommandType='"Text"', CommandTimeout='30']
SELECT [m].[Id], [m].[CreatedOn], [m].[Hora], [m].[LastModifiedOn], [m].[Pelicula], [m].[Sala]
FROM [mySchema].[MovieShow] AS [m]
2021-09-14 11:32:36.301 -05:00 [INF] Executing ObjectResult, writing value of type 'System.Collections.Generic.List`1[[Cinemaster.Application.MovieShow.MovieShowDto, Cinemaster.Application, Version=1.0.0.0, Culture=neutral, PublicKeyToken=null]]'.
2021-09-14 11:32:36.318 -05:00 [INF] Executed action Cinemaster.Api.Controllers.MovieShowController.GetAll (Cinemaster.Api) in 1473.1329ms
2021-09-14 11:32:36.319 -05:00 [INF] Executed endpoint 'Cinemaster.Api.Controllers.MovieShowController.GetAll (Cinemaster.Api)'
2021-09-14 11:32:36.324 -05:00 [INF] Request finished in 1517.21ms 200 application/json; charset=utf-8
