2021-09-14 11:03:43.128 -05:00 [INF] Application started. Press Ctrl+C to shut down.
2021-09-14 11:03:43.148 -05:00 [INF] Request starting HTTP/2.0 GET https://localhost:44382/swagger  
2021-09-14 11:03:43.213 -05:00 [INF] Hosting environment: Development
2021-09-14 11:03:43.214 -05:00 [INF] Content root path: C:\Users\alvaro.escobar\source\repos\Cinemaster\Cinemaster\Cinemaster.Api
2021-09-14 11:03:43.281 -05:00 [INF] Request starting HTTP/2.0 GET https://localhost:44382/swagger/index.html  
2021-09-14 11:03:43.294 -05:00 [INF] Request finished in 149.171ms 302 
2021-09-14 11:03:43.494 -05:00 [INF] Request finished in 213.717ms 200 text/html; charset=utf-8
2021-09-14 11:03:43.633 -05:00 [INF] Request starting HTTP/2.0 GET https://localhost:44382/swagger/v1/swagger.json  
2021-09-14 11:03:44.449 -05:00 [INF] Request finished in 815.9955ms 200 application/json; charset=utf-8
2021-09-14 11:03:48.506 -05:00 [INF] Request starting HTTP/2.0 GET https://localhost:44382/api/MovieShow  
2021-09-14 11:03:48.514 -05:00 [INF] Executing endpoint 'Cinemaster.Api.Controllers.MovieShowController.GetAll (Cinemaster.Api)'
2021-09-14 11:03:48.539 -05:00 [INF] Route matched with {action = "GetAll", controller = "MovieShow"}. Executing controller action with signature System.Threading.Tasks.Task`1[Cinemaster.Application.MovieShow.MovieShowDto] GetAll() on controller Cinemaster.Api.Controllers.MovieShowController (Cinemaster.Api).
2021-09-14 11:03:49.401 -05:00 [INF] Entity Framework Core 3.1.1 initialized 'PersistenceContext' using provider 'Microsoft.EntityFrameworkCore.SqlServer' with options: MigrationsHistoryTable=mySchema._MigrationHistory 
2021-09-14 11:03:49.960 -05:00 [INF] Executed DbCommand (43ms) [Parameters=[], CommandType='"Text"', CommandTimeout='30']
SELECT [m].[Id], [m].[CreatedOn], [m].[Hora], [m].[LastModifiedOn], [m].[Pelicula], [m].[Sala]
FROM [mySchema].[MovieShow] AS [m]
2021-09-14 11:03:50.010 -05:00 [INF] Executing ObjectResult, writing value of type 'Cinemaster.Application.MovieShow.MovieShowDto'.
2021-09-14 11:03:50.030 -05:00 [INF] Executed action Cinemaster.Api.Controllers.MovieShowController.GetAll (Cinemaster.Api) in 1485.9582ms
2021-09-14 11:03:50.031 -05:00 [INF] Executed endpoint 'Cinemaster.Api.Controllers.MovieShowController.GetAll (Cinemaster.Api)'
2021-09-14 11:03:50.036 -05:00 [INF] Request finished in 1529.7542ms 200 application/json; charset=utf-8
