2021-09-14 10:57:35.342 -05:00 [INF] Application started. Press Ctrl+C to shut down.
2021-09-14 10:57:35.362 -05:00 [INF] Request starting HTTP/2.0 GET https://localhost:44382/swagger  
2021-09-14 10:57:35.427 -05:00 [INF] Hosting environment: Development
2021-09-14 10:57:35.427 -05:00 [INF] Content root path: C:\Users\alvaro.escobar\source\repos\Cinemaster\Cinemaster\Cinemaster.Api
2021-09-14 10:57:35.501 -05:00 [INF] Request starting HTTP/2.0 GET https://localhost:44382/swagger/index.html  
2021-09-14 10:57:35.515 -05:00 [INF] Request finished in 156.6292ms 302 
2021-09-14 10:57:35.724 -05:00 [INF] Request finished in 222.437ms 200 text/html; charset=utf-8
2021-09-14 10:57:35.892 -05:00 [INF] Request starting HTTP/2.0 GET https://localhost:44382/swagger/v1/swagger.json  
2021-09-14 10:57:36.663 -05:00 [INF] Request finished in 772.4492ms 200 application/json; charset=utf-8
2021-09-14 10:57:40.496 -05:00 [INF] Request starting HTTP/2.0 GET https://localhost:44382/api/MovieShow  
2021-09-14 10:57:40.505 -05:00 [INF] Executing endpoint 'Cinemaster.Api.Controllers.MovieShowController.GetAll (Cinemaster.Api)'
2021-09-14 10:57:40.539 -05:00 [INF] Route matched with {action = "GetAll", controller = "MovieShow"}. Executing controller action with signature System.Threading.Tasks.Task`1[Cinemaster.Application.MovieShow.MovieShowDto] GetAll() on controller Cinemaster.Api.Controllers.MovieShowController (Cinemaster.Api).
2021-09-14 10:57:41.459 -05:00 [INF] Entity Framework Core 3.1.1 initialized 'PersistenceContext' using provider 'Microsoft.EntityFrameworkCore.SqlServer' with options: MigrationsHistoryTable=mySchema._MigrationHistory 
2021-09-14 10:57:41.996 -05:00 [INF] Executed DbCommand (35ms) [Parameters=[], CommandType='"Text"', CommandTimeout='30']
SELECT [m].[Id], [m].[CreatedOn], [m].[Hora], [m].[LastModifiedOn], [m].[Pelicula], [m].[Sala]
FROM [mySchema].[MovieShow] AS [m]
2021-09-14 10:57:42.048 -05:00 [INF] Executing ObjectResult, writing value of type 'Cinemaster.Application.MovieShow.MovieShowDto'.
2021-09-14 10:57:42.068 -05:00 [INF] Executed action Cinemaster.Api.Controllers.MovieShowController.GetAll (Cinemaster.Api) in 1522.8476ms
2021-09-14 10:57:42.070 -05:00 [INF] Executed endpoint 'Cinemaster.Api.Controllers.MovieShowController.GetAll (Cinemaster.Api)'
2021-09-14 10:57:42.074 -05:00 [INF] Request finished in 1578.4518ms 200 application/json; charset=utf-8
